SF:lib/core/domain/entities/result.dart
DA:5,2
DA:15,4
DA:20,4
DA:25,6
DA:27,3
DA:29,0
DA:30,0
LF:7
LH:5
end_of_record
SF:lib/core/domain/enums/fetching_status.dart
DA:4,0
DA:5,0
DA:6,0
DA:7,0
DA:8,0
LF:5
LH:0
end_of_record
SF:lib/features/home/domain/entities/post_entity.dart
DA:9,1
DA:16,0
DA:22,0
DA:23,0
DA:24,0
DA:25,0
DA:26,0
DA:30,1
DA:31,1
DA:32,1
DA:33,1
DA:34,1
DA:35,1
DA:39,1
DA:40,1
DA:41,1
DA:42,1
DA:43,1
DA:44,1
LF:19
LH:13
end_of_record
SF:lib/features/home/ui/bloc/post_state.dart
DA:4,4
DA:16,1
DA:23,1
DA:29,1
DA:30,1
DA:31,1
DA:32,1
DA:33,1
DA:37,1
DA:38,5
LF:10
LH:10
end_of_record
SF:lib/features/home/ui/bloc/post_event.dart
DA:4,1
DA:6,0
DA:7,0
LF:3
LH:1
end_of_record
SF:lib/features/home/ui/bloc/post_bloc.dart
DA:13,3
DA:14,2
DA:15,2
DA:18,1
DA:22,3
DA:24,2
DA:26,1
DA:27,3
DA:29,1
DA:33,3
DA:36,1
DA:40,3
DA:41,3
DA:43,2
DA:45,1
DA:46,5
DA:48,3
DA:55,3
LF:18
LH:18
end_of_record
SF:lib/features/home/data/datasources/post_remote_datasource.dart
DA:8,1
DA:10,1
DA:12,2
DA:14,1
DA:15,2
DA:16,1
DA:17,1
DA:18,1
DA:26,2
LF:9
LH:9
end_of_record
SF:lib/features/home/data/repositories/post_repository_impl.dart
DA:10,1
DA:12,1
DA:15,2
DA:17,1
DA:19,2
LF:5
LH:5
end_of_record
